<?xml version="1.0" encoding="UTF-8"?>
<!-- Generated by org.testng.reporters.JUnitReportReporter -->
<testsuite hostname="EPINCHEW0001" failures="0" tests="1" name="com.hometask.api.REST_Automation_Task2" time="1.085" errors="0" timestamp="2022-08-11T19:05:32 IST" skipped="0">
  <testcase classname="com.hometask.api.REST_Automation_Task2" name="getWeatherByLocation" time="1.085"/>
  <system-out/>
</testsuite> <!-- com.hometask.api.REST_Automation_Task2 -->
