<?xml version="1.0" encoding="UTF-8"?>
<!-- Generated by org.testng.reporters.JUnitReportReporter -->
<testsuite hostname="EPINCHEW0001" failures="0" tests="2" name="com.hometask.framework.Project1" time="8.896" errors="0" timestamp="2022-08-11T10:38:52 IST" skipped="0">
  <testcase classname="com.hometask.framework.Project1" name="login" time="2.511"/>
  <system-out/>
  <testcase classname="com.hometask.framework.Project1" name="newCustomer" time="6.385"/>
  <system-out/>
</testsuite> <!-- com.hometask.framework.Project1 -->
