<?xml version="1.0" encoding="UTF-8"?>
<!-- Generated by org.testng.reporters.JUnitReportReporter -->
<testsuite hostname="EPINCHEW0001" failures="0" tests="4" name="com.hometask.api.REST_Functional" time="5.249" errors="0" timestamp="2022-08-11T15:52:32 IST" skipped="0">
  <testcase classname="com.hometask.api.REST_Functional" name="getResources" time="2.836"/>
  <system-out/>
  <testcase classname="com.hometask.api.REST_Functional" name="addPosts" time="0.780"/>
  <system-out/>
  <testcase classname="com.hometask.api.REST_Functional" name="modifyPosts" time="0.821"/>
  <system-out/>
  <testcase classname="com.hometask.api.REST_Functional" name="deletePosts" time="0.812"/>
  <system-out/>
</testsuite> <!-- com.hometask.api.REST_Functional -->
