<?xml version="1.0" encoding="UTF-8"?>
<!-- Generated by org.testng.reporters.JUnitReportReporter -->
<testsuite hostname="EPINCHEW0001" failures="0" tests="3" name="com.hometask.api.REST_Automation_Task1" time="4.976" errors="0" timestamp="2022-08-11T17:02:02 IST" skipped="0">
  <testcase classname="com.hometask.api.REST_Automation_Task1" name="getUser" time="1.813"/>
  <system-out/>
  <testcase classname="com.hometask.api.REST_Automation_Task1" name="createPet" time="1.628"/>
  <system-out/>
  <testcase classname="com.hometask.api.REST_Automation_Task1" name="getPet" time="1.535"/>
  <system-out/>
</testsuite> <!-- com.hometask.api.REST_Automation_Task1 -->
